This is pdfTeX, Version 3.141592653-2.6-1.40.25 (TeX Live 2023) (preloaded format=pdflatex 2023.5.3)  4 MAY 2023 01:59
entering extended mode
 restricted \write18 enabled.
 %&-line parsing enabled.
**2117832_Pathogen_Report.tex
(./2117832_Pathogen_Report.tex
LaTeX2e <2022-11-01> patch level 1
L3 programming layer <2023-04-20> (./bioinfo.cls
Document Class: bioinfo 2003/02/08 0.1
(/Users/Shean/Library/TinyTeX/texmf-dist/tex/latex/base/inputenc.sty
Package: inputenc 2021/02/14 v1.3d Input encoding file
\inpenc@prehook=\toks16
\inpenc@posthook=\toks17
) (/Users/Shean/Library/TinyTeX/texmf-dist/tex/latex/crop/crop.sty
Package: crop 2017/11/19 1.10 crop marks (mf)
(/Users/Shean/Library/TinyTeX/texmf-dist/tex/generic/iftex/ifluatex.sty
Package: ifluatex 2019/10/25 v1.5 ifluatex legacy package. Use iftex instead.
(/Users/Shean/Library/TinyTeX/texmf-dist/tex/generic/iftex/iftex.sty
Package: iftex 2022/02/03 v1.0f TeX engine tests
))
\CROP@index=\count185
(/Users/Shean/Library/TinyTeX/texmf-dist/tex/latex/graphics/color.sty
Package: color 2022/01/06 v1.3d Standard LaTeX Color (DPC)
(/Users/Shean/Library/TinyTeX/texmf-dist/tex/latex/graphics-cfg/color.cfg
File: color.cfg 2016/01/02 v1.6 sample color configuration
)
Package color Info: Driver file: pdftex.def on input line 149.
(/Users/Shean/Library/TinyTeX/texmf-dist/tex/latex/graphics-def/pdftex.def
File: pdftex.def 2022/09/22 v1.2b Graphics/color driver for pdftex
) (/Users/Shean/Library/TinyTeX/texmf-dist/tex/latex/graphics/mathcolor.ltx)) (/Users/Shean/Library/TinyTeX/texmf-dist/tex/latex/graphics/graphics.sty
Package: graphics 2022/03/10 v1.4e Standard LaTeX Graphics (DPC,SPQR)
(/Users/Shean/Library/TinyTeX/texmf-dist/tex/latex/graphics/trig.sty
Package: trig 2021/08/11 v1.11 sin cos tan (DPC)
) (/Users/Shean/Library/TinyTeX/texmf-dist/tex/latex/graphics-cfg/graphics.cfg
File: graphics.cfg 2016/06/04 v1.11 sample graphics configuration
)
Package graphics Info: Driver file: pdftex.def on input line 107.
)
\CROP@offset=\count186
Package crop Info: Local config file crop.cfg used on input line 622.
(/Users/Shean/Library/TinyTeX/texmf-dist/tex/xelatex/xetexconfig/crop.cfg)) (/Users/Shean/Library/TinyTeX/texmf-dist/tex/latex/graphics/graphicx.sty
Package: graphicx 2021/09/16 v1.2d Enhanced LaTeX Graphics (DPC,SPQR)
(/Users/Shean/Library/TinyTeX/texmf-dist/tex/latex/graphics/keyval.sty
Package: keyval 2022/05/29 v1.15 key=value parser (DPC)
\KV@toks@=\toks18
)
\Gin@req@height=\dimen140
\Gin@req@width=\dimen141
) (/Users/Shean/Library/TinyTeX/texmf-dist/tex/latex/amsmath/amsmath.sty
Package: amsmath 2022/04/08 v2.17n AMS math features
\@mathmargin=\skip48
For additional information on amsmath, use the `?' option.
(/Users/Shean/Library/TinyTeX/texmf-dist/tex/latex/amsmath/amstext.sty
Package: amstext 2021/08/26 v2.01 AMS text
(/Users/Shean/Library/TinyTeX/texmf-dist/tex/latex/amsmath/amsgen.sty
File: amsgen.sty 1999/11/30 v2.0 generic functions
\@emptytoks=\toks19
\ex@=\dimen142
)) (/Users/Shean/Library/TinyTeX/texmf-dist/tex/latex/amsmath/amsbsy.sty
Package: amsbsy 1999/11/29 v1.2d Bold Symbols
\pmbraise@=\dimen143
) (/Users/Shean/Library/TinyTeX/texmf-dist/tex/latex/amsmath/amsopn.sty
Package: amsopn 2022/04/08 v2.04 operator names
)
\inf@bad=\count187
LaTeX Info: Redefining \frac on input line 234.
\uproot@=\count188
\leftroot@=\count189
LaTeX Info: Redefining \overline on input line 399.
LaTeX Info: Redefining \colon on input line 410.
\classnum@=\count190
\DOTSCASE@=\count191
LaTeX Info: Redefining \ldots on input line 496.
LaTeX Info: Redefining \dots on input line 499.
LaTeX Info: Redefining \cdots on input line 620.
\Mathstrutbox@=\box51
\strutbox@=\box52
LaTeX Info: Redefining \big on input line 722.
LaTeX Info: Redefining \Big on input line 723.
LaTeX Info: Redefining \bigg on input line 724.
LaTeX Info: Redefining \Bigg on input line 725.
\big@size=\dimen144
LaTeX Font Info:    Redeclaring font encoding OML on input line 743.
LaTeX Font Info:    Redeclaring font encoding OMS on input line 744.
\macc@depth=\count192
LaTeX Info: Redefining \bmod on input line 905.
LaTeX Info: Redefining \pmod on input line 910.
LaTeX Info: Redefining \smash on input line 940.
LaTeX Info: Redefining \relbar on input line 970.
LaTeX Info: Redefining \Relbar on input line 971.
\c@MaxMatrixCols=\count193
\dotsspace@=\muskip16
\c@parentequation=\count194
\dspbrk@lvl=\count195
\tag@help=\toks20
\row@=\count196
\column@=\count197
\maxfields@=\count198
\andhelp@=\toks21
\eqnshift@=\dimen145
\alignsep@=\dimen146
\tagshift@=\dimen147
\tagwidth@=\dimen148
\totwidth@=\dimen149
\lineht@=\dimen150
\@envbody=\toks22
\multlinegap=\skip49
\multlinetaggap=\skip50
\mathdisplay@stack=\toks23
LaTeX Info: Redefining \[ on input line 2953.
LaTeX Info: Redefining \] on input line 2954.
) (/Users/Shean/Library/TinyTeX/texmf-dist/tex/latex/tools/array.sty
Package: array 2022/09/04 v2.5g Tabular extension package (FMi)
\col@sep=\dimen151
\ar@mcellbox=\box53
\extrarowheight=\dimen152
\NC@list=\toks24
\extratabsurround=\skip51
\backup@length=\skip52
\ar@cellbox=\box54
) (/Users/Shean/Library/TinyTeX/texmf-dist/tex/latex/amsfonts/amssymb.sty
Package: amssymb 2013/01/14 v3.01 AMS font symbols
(/Users/Shean/Library/TinyTeX/texmf-dist/tex/latex/amsfonts/amsfonts.sty
Package: amsfonts 2013/01/14 v3.01 Basic AMSFonts support
\symAMSa=\mathgroup4
\symAMSb=\mathgroup5
LaTeX Font Info:    Redeclaring math symbol \hbar on input line 98.
LaTeX Font Info:    Overwriting math alphabet `\mathfrak' in version `bold'
(Font)                  U/euf/m/n --> U/euf/b/n on input line 106.
)) (/Users/Shean/Library/TinyTeX/texmf-dist/tex/latex/sttools/flushend.sty
Package: flushend 2021/10/04 v4.0 Balancing columns in twocolumn mode
\flushend@@lastskip@a=\skip53
\flushend@@lastskip@b=\skip54
\flushend@@lastnode=\count199
\var@@loop@iter=\count266
\var@@temp@spread=\dimen153
\var@@temp@a=\dimen154
\var@@temp@loop=\dimen155
\flushend@@page@rule=\dimen156
\flushend@@varbox@lastpage=\box55
\flushend@@varbox@a=\box56
\flushend@@varbox@c=\box57
\flushend@@tempbox@a=\box58
\flushend@@tempbox@c=\box59
\flushend@@floatbox=\box60
\@viper=\box61
\hold@viper=\box62
\atColsBreak=\toks25
\atColsEnd=\toks26
\oldbreak@skip=\dimen157
) (/Users/Shean/Library/TinyTeX/texmf-dist/tex/latex/sttools/stfloats.sty
Package: stfloats 2017/03/27 v3.3 Improve float mechanism and baselineskip settings
\@dblbotnum=\count267
\c@dblbotnumber=\count268
) (/Users/Shean/Library/TinyTeX/texmf-dist/tex/latex/amscls/amsthm.sty
Package: amsthm 2020/05/29 v2.20.6
\thm@style=\toks27
\thm@bodyfont=\toks28
\thm@headfont=\toks29
\thm@notefont=\toks30
\thm@headpunct=\toks31
\thm@preskip=\skip55
\thm@postskip=\skip56
\thm@headsep=\skip57
\dth@everypar=\toks32
) (/Users/Shean/Library/TinyTeX/texmf-dist/tex/latex/changepage/chngpage.sty
Package: chngpage 2009/10/20 v1.2b change page layout
\c@cp@cnt=\count269
\c@cp@tempcnt=\count270
) (/Users/Shean/Library/TinyTeX/texmf-dist/tex/latex/psnfss/times.sty
Package: times 2020/03/25 PSNFSS-v9.3 (SPQR) 
) (/Users/Shean/Library/TinyTeX/texmf-dist/tex/latex/base/fontenc.sty
Package: fontenc 2021/04/29 v2.0v Standard LaTeX package
(/Users/Shean/Library/TinyTeX/texmf-dist/tex/latex/ly1/ly1enc.def
File: ly1enc.def 2022/06/11 v0.8 TeX 'n ANSI encoding (DPC/KB)
Now handling font encoding LY1 ...
... processing UTF-8 mapping file for font encoding LY1
(/Users/Shean/Library/TinyTeX/texmf-dist/tex/latex/base/ly1enc.dfu
File: ly1enc.dfu 2022/06/07 v1.3c UTF-8 support
   defining Unicode char U+00A0 (decimal 160)
   defining Unicode char U+00A1 (decimal 161)
   defining Unicode char U+00A2 (decimal 162)
   defining Unicode char U+00A3 (decimal 163)
   defining Unicode char U+00A4 (decimal 164)
   defining Unicode char U+00A5 (decimal 165)
   defining Unicode char U+00A6 (decimal 166)
   defining Unicode char U+00A7 (decimal 167)
   defining Unicode char U+00AA (decimal 170)
   defining Unicode char U+00AB (decimal 171)
   defining Unicode char U+00AD (decimal 173)
   defining Unicode char U+00AE (decimal 174)
   defining Unicode char U+00B0 (decimal 176)
   defining Unicode char U+00B5 (decimal 181)
   defining Unicode char U+00B6 (decimal 182)
   defining Unicode char U+00B7 (decimal 183)
   defining Unicode char U+00BA (decimal 186)
   defining Unicode char U+00BB (decimal 187)
   defining Unicode char U+00BC (decimal 188)
   defining Unicode char U+00BD (decimal 189)
   defining Unicode char U+00BE (decimal 190)
   defining Unicode char U+00BF (decimal 191)
   defining Unicode char U+00C0 (decimal 192)
   defining Unicode char U+00C1 (decimal 193)
   defining Unicode char U+00C2 (decimal 194)
   defining Unicode char U+00C3 (decimal 195)
   defining Unicode char U+00C4 (decimal 196)
   defining Unicode char U+00C5 (decimal 197)
   defining Unicode char U+00C6 (decimal 198)
   defining Unicode char U+00C7 (decimal 199)
   defining Unicode char U+00C8 (decimal 200)
   defining Unicode char U+00C9 (decimal 201)
   defining Unicode char U+00CA (decimal 202)
   defining Unicode char U+00CB (decimal 203)
   defining Unicode char U+00CC (decimal 204)
   defining Unicode char U+00CD (decimal 205)
   defining Unicode char U+00CE (decimal 206)
   defining Unicode char U+00CF (decimal 207)
   defining Unicode char U+00D0 (decimal 208)
   defining Unicode char U+00D1 (decimal 209)
   defining Unicode char U+00D2 (decimal 210)
   defining Unicode char U+00D3 (decimal 211)
   defining Unicode char U+00D4 (decimal 212)
   defining Unicode char U+00D5 (decimal 213)
   defining Unicode char U+00D6 (decimal 214)
   defining Unicode char U+00D8 (decimal 216)
   defining Unicode char U+00D9 (decimal 217)
   defining Unicode char U+00DA (decimal 218)
   defining Unicode char U+00DB (decimal 219)
   defining Unicode char U+00DC (decimal 220)
   defining Unicode char U+00DD (decimal 221)
   defining Unicode char U+00DE (decimal 222)
   defining Unicode char U+00DF (decimal 223)
   defining Unicode char U+00E0 (decimal 224)
   defining Unicode char U+00E1 (decimal 225)
   defining Unicode char U+00E2 (decimal 226)
   defining Unicode char U+00E3 (decimal 227)
   defining Unicode char U+00E4 (decimal 228)
   defining Unicode char U+00E5 (decimal 229)
   defining Unicode char U+00E6 (decimal 230)
   defining Unicode char U+00E7 (decimal 231)
   defining Unicode char U+00E8 (decimal 232)
   defining Unicode char U+00E9 (decimal 233)
   defining Unicode char U+00EA (decimal 234)
   defining Unicode char U+00EB (decimal 235)
   defining Unicode char U+00EC (decimal 236)
   defining Unicode char U+00ED (decimal 237)
   defining Unicode char U+00EE (decimal 238)
   defining Unicode char U+00EF (decimal 239)
   defining Unicode char U+00F0 (decimal 240)
   defining Unicode char U+00F1 (decimal 241)
   defining Unicode char U+00F2 (decimal 242)
   defining Unicode char U+00F3 (decimal 243)
   defining Unicode char U+00F4 (decimal 244)
   defining Unicode char U+00F5 (decimal 245)
   defining Unicode char U+00F6 (decimal 246)
   defining Unicode char U+00F8 (decimal 248)
   defining Unicode char U+00F9 (decimal 249)
   defining Unicode char U+00FA (decimal 250)
   defining Unicode char U+00FB (decimal 251)
   defining Unicode char U+00FC (decimal 252)
   defining Unicode char U+00FD (decimal 253)
   defining Unicode char U+00FE (decimal 254)
   defining Unicode char U+00FF (decimal 255)
   defining Unicode char U+0131 (decimal 305)
   defining Unicode char U+0141 (decimal 321)
   defining Unicode char U+0142 (decimal 322)
   defining Unicode char U+0152 (decimal 338)
   defining Unicode char U+0153 (decimal 339)
   defining Unicode char U+0160 (decimal 352)
   defining Unicode char U+0161 (decimal 353)
   defining Unicode char U+0174 (decimal 372)
   defining Unicode char U+0175 (decimal 373)
   defining Unicode char U+0176 (decimal 374)
   defining Unicode char U+0177 (decimal 375)
   defining Unicode char U+0178 (decimal 376)
   defining Unicode char U+017D (decimal 381)
   defining Unicode char U+017E (decimal 382)
   defining Unicode char U+0192 (decimal 402)
   defining Unicode char U+0218 (decimal 536)
   defining Unicode char U+0219 (decimal 537)
   defining Unicode char U+021A (decimal 538)
   defining Unicode char U+021B (decimal 539)
   defining Unicode char U+0237 (decimal 567)
   defining Unicode char U+02C6 (decimal 710)
   defining Unicode char U+02DC (decimal 732)
   defining Unicode char U+2013 (decimal 8211)
   defining Unicode char U+2014 (decimal 8212)
   defining Unicode char U+201C (decimal 8220)
   defining Unicode char U+201D (decimal 8221)
   defining Unicode char U+2020 (decimal 8224)
   defining Unicode char U+2021 (decimal 8225)
   defining Unicode char U+2022 (decimal 8226)
   defining Unicode char U+2026 (decimal 8230)
   defining Unicode char U+2030 (decimal 8240)
   defining Unicode char U+2039 (decimal 8249)
   defining Unicode char U+203A (decimal 8250)
   defining Unicode char U+2122 (decimal 8482)
   defining Unicode char U+FB00 (decimal 64256)
   defining Unicode char U+FB01 (decimal 64257)
   defining Unicode char U+FB02 (decimal 64258)
   defining Unicode char U+FB03 (decimal 64259)
   defining Unicode char U+FB04 (decimal 64260)
   defining Unicode char U+FB05 (decimal 64261)
   defining Unicode char U+FB06 (decimal 64262)
))
LaTeX Font Info:    Trying to load font information for LY1+ptm on input line 112.
(/Users/Shean/Library/TinyTeX/texmf-dist/tex/latex/ly1/ly1ptm.fd
File: ly1ptm.fd 2001/02/01 font definitions for LY1/ptm using Berry names.
))
\c@section=\count271
\c@subsection=\count272
\c@subsubsection=\count273
\c@paragraph=\count274
\c@subparagraph=\count275
\c@figure=\count276
\c@table=\count277
\dropfromtop=\skip58
\extraspace=\skip59
\aboveskipchk=\skip60
\abovecaptionskip=\skip61
\belowcaptionskip=\skip62
\rotdimen=\dimen158
\tempdime=\dimen159
\temptbox=\box63
(/Users/Shean/Library/TinyTeX/texmf-dist/tex/latex/natbib/natbib.sty
Package: natbib 2010/09/13 8.31b (PWD, AO)
\bibhang=\skip63
\bibsep=\skip64
LaTeX Info: Redefining \cite on input line 694.
\c@NAT@ctr=\count278
)) (/Users/Shean/Library/TinyTeX/texmf-dist/tex/latex/l3backend/l3backend-pdftex.def
File: l3backend-pdftex.def 2023-04-19 L3 backend support: PDF output (pdfTeX)
\l__color_backend_stack_int=\count279
\l__pdf_internal_box=\box64
) (./2117832_Pathogen_Report.aux

LaTeX Warning: Label `schema' multiply defined.


LaTeX Warning: Label `schema' multiply defined.

)
\openout1 = `2117832_Pathogen_Report.aux'.

LaTeX Font Info:    Checking defaults for OML/cmm/m/it on input line 21.
LaTeX Font Info:    ... okay on input line 21.
LaTeX Font Info:    Checking defaults for OMS/cmsy/m/n on input line 21.
LaTeX Font Info:    ... okay on input line 21.
LaTeX Font Info:    Checking defaults for OT1/cmr/m/n on input line 21.
LaTeX Font Info:    ... okay on input line 21.
LaTeX Font Info:    Checking defaults for T1/cmr/m/n on input line 21.
LaTeX Font Info:    ... okay on input line 21.
LaTeX Font Info:    Checking defaults for TS1/cmr/m/n on input line 21.
LaTeX Font Info:    ... okay on input line 21.
LaTeX Font Info:    Checking defaults for OMX/cmex/m/n on input line 21.
LaTeX Font Info:    ... okay on input line 21.
LaTeX Font Info:    Checking defaults for U/cmr/m/n on input line 21.
LaTeX Font Info:    ... okay on input line 21.
LaTeX Font Info:    Checking defaults for LY1/ptm/m/n on input line 21.
LaTeX Font Info:    ... okay on input line 21.
(/Users/Shean/Library/TinyTeX/texmf-dist/tex/latex/epstopdf-pkg/epstopdf-base.sty
Package: epstopdf-base 2020-01-24 v2.11 Base part for package epstopdf
Package epstopdf-base Info: Redefining graphics rule for `.eps' on input line 485.
(/Users/Shean/Library/TinyTeX/texmf-dist/tex/latex/latexconfig/epstopdf-sys.cfg
File: epstopdf-sys.cfg 2010/07/13 v1.3 Configuration of (r)epstopdf for TeX Live
))
Package crop Info: requested driver: `' on input line 21.
Package crop Info: detected driver: `pdftex' on input line 21.
Package crop Info: using `pdftex' graphics driver on input line 21.
LaTeX Font Info:    Trying to load font information for LY1+phv on input line 77.
(/Users/Shean/Library/TinyTeX/texmf-dist/tex/latex/ly1/ly1phv.fd
File: ly1phv.fd 2001/02/01 scalable font definitions for LY1/phv using Berry names.

LaTeX Info: Font shape LY1/phv/mc/n has incorrect series value `mc'.
            It should not contain an `m'! Please correct it.
            Found on input line 36.


LaTeX Info: Font shape LY1/phv/mc/sl has incorrect series value `mc'.
            It should not contain an `m'! Please correct it.
            Found on input line 40.


LaTeX Info: Font shape LY1/phv/mc/sc has incorrect series value `mc'.
            It should not contain an `m'! Please correct it.
            Found on input line 66.


LaTeX Info: Font shape LY1/phv/mc/it has incorrect series value `mc'.
            It should not contain an `m'! Please correct it.
            Found on input line 73.

)
Package epstopdf Info: Source file: <OUP_First_SBk_Bot_8401.eps>
(epstopdf)                    date: 2023-05-03 18:01:05
(epstopdf)                    size: 407286 bytes
(epstopdf)             Output file: <OUP_First_SBk_Bot_8401-eps-converted-to.pdf>
(epstopdf)                    date: 2023-05-03 18:05:41
(epstopdf)                    size: 9233 bytes
(epstopdf)             Command: <repstopdf --outfile=OUP_First_SBk_Bot_8401-eps-converted-to.pdf OUP_First_SBk_Bot_8401.eps>
(epstopdf)             \includegraphics on input line 77.
Package epstopdf Info: Output file is already uptodate.
<OUP_First_SBk_Bot_8401-eps-converted-to.pdf, id=1, 54.2025pt x 54.2025pt>
File: OUP_First_SBk_Bot_8401-eps-converted-to.pdf Graphic file (type pdf)
<use OUP_First_SBk_Bot_8401-eps-converted-to.pdf>
Package pdftex.def Info: OUP_First_SBk_Bot_8401-eps-converted-to.pdf  used on input line 77.
(pdftex.def)             Requested size: 54.20236pt x 54.20236pt.
LaTeX Font Info:    Font shape `LY1/phv/b/it' in size <18> not available
(Font)              Font shape `LY1/phv/b/sl' tried instead on input line 77.
LaTeX Font Info:    Trying to load font information for U+msa on input line 77.
(/Users/Shean/Library/TinyTeX/texmf-dist/tex/latex/amsfonts/umsa.fd
File: umsa.fd 2013/01/14 v3.01 AMS symbols A
)
LaTeX Font Info:    Trying to load font information for U+msb on input line 77.
(/Users/Shean/Library/TinyTeX/texmf-dist/tex/latex/amsfonts/umsb.fd
File: umsb.fd 2013/01/14 v3.01 AMS symbols B
)

LaTeX Font Warning: Font shape `OT1/cmr/m/n' in size <6.5> not available
(Font)              size <6> substituted on input line 77.


LaTeX Font Warning: Font shape `OML/cmm/m/it' in size <6.5> not available
(Font)              size <6> substituted on input line 77.


LaTeX Font Warning: Font shape `OMS/cmsy/m/n' in size <6.5> not available
(Font)              size <6> substituted on input line 77.

LaTeX Font Info:    Font shape `LY1/phv/m/it' in size <9> not available
(Font)              Font shape `LY1/phv/m/sl' tried instead on input line 77.

Underfull \hbox (badness 10000) in paragraph at lines 77--77

 []


Underfull \hbox (badness 10000) detected at line 77
[]
 []


Underfull \hbox (badness 1102) in paragraph at lines 81--89
\LY1/ptm/m/n/8 Leishmaniasis is caused by \LY1/ptm/m/it/8 Leishmania spp.\LY1/ptm/m/n/8 , a protozoan parasite
 []


Underfull \hbox (badness 10000) in paragraph at lines 81--89

 []


Underfull \vbox (badness 10000) has occurred while \output is active []


Underfull \hbox (badness 10000) in paragraph at lines 90--102

 []


Underfull \vbox (badness 10000) has occurred while \output is active []


Overfull \hbox (1.12001pt too wide) has occurred while \output is active
 []
 []

[1{/Users/Shean/Library/TinyTeX/texmf-var/fonts/map/pdftex/updmap/pdftex.map}{/Users/Shean/Library/TinyTeX/texmf-dist/fonts/enc/dvips/ly1/texnansi.enc}



 <./OUP_First_SBk_Bot_8401-eps-converted-to.pdf>]
Underfull \hbox (badness 10000) in paragraph at lines 103--112

 []


Underfull \hbox (badness 10000) in paragraph at lines 113--129

 []


Underfull \hbox (badness 10000) in paragraph at lines 130--136

 []


Underfull \hbox (badness 10000) in paragraph at lines 137--150

 []

<Table1.png, id=20, 659.46375pt x 647.41875pt>
File: Table1.png Graphic file (type png)
<use Table1.png>
Package pdftex.def Info: Table1.png  used on input line 178.
(pdftex.def)             Requested size: 234.0pt x 229.72165pt.
LaTeX Font Info:    Trying to load font information for LY1+phb on input line 178.
LaTeX Font Info:    No file LY1phb.fd. on input line 178.

LaTeX Font Warning: Font shape `LY1/phb/m/n' undefined
(Font)              using `LY1/ptm/m/n' instead on input line 178.

LaTeX Font Info:    Font shape `LY1/phv/m/it' in size <8> not available
(Font)              Font shape `LY1/phv/m/sl' tried instead on input line 209.

Overfull \hbox (252.0pt too wide) has occurred while \output is active
[][] 
 []

[2 <./Table1.png>]
Underfull \hbox (badness 5696) in paragraph at lines 218--228
\LY1/ptm/m/n/8 Metabolomics data was generated using an LC-MS untargeted
 []


Underfull \hbox (badness 1028) in paragraph at lines 218--228
\LY1/ptm/m/n/8 data was initially processed using Glasgow Polyomics' PiMP web
 []


Underfull \hbox (badness 10000) in paragraph at lines 242--247

 []


Underfull \hbox (badness 10000) in paragraph at lines 248--255

 []


Underfull \hbox (badness 10000) in paragraph at lines 256--262

 []


Underfull \hbox (badness 10000) in paragraph at lines 263--267

 []


Underfull \hbox (badness 10000) in paragraph at lines 280--289

 []

<Table 2.png, id=27, 574.145pt x 158.5925pt>
File: Table 2.png Graphic file (type png)
<use Table 2.png>
Package pdftex.def Info: Table 2.png  used on input line 291.
(pdftex.def)             Requested size: 234.0pt x 64.63614pt.

Underfull \hbox (badness 10000) in paragraph at lines 294--302

 []

<Fastqc trimming.pdf, id=28, 827.09pt x 459.7175pt>
File: Fastqc trimming.pdf Graphic file (type pdf)
<use Fastqc trimming.pdf>
Package pdftex.def Info: Fastqc trimming.pdf  used on input line 305.
(pdftex.def)             Requested size: 486.0pt x 270.13667pt.

Underfull \hbox (badness 10000) in paragraph at lines 309--318

 []


Underfull \hbox (badness 10000) in paragraph at lines 319--328

 []


Underfull \hbox (badness 2608) in paragraph at lines 329--336
[]\LY1/ptm/m/n/8 Since UTR regions in Leishmanial genomes have yet to be
 []


Overfull \hbox (252.0pt too wide) has occurred while \output is active
[][] 
 []

[3 <./Table 2.png>]
Underfull \hbox (badness 10000) in paragraph at lines 339--350

 []

<volcano.pdf, id=34, 515.9275pt x 517.935pt>
File: volcano.pdf Graphic file (type pdf)
<use volcano.pdf>
Package pdftex.def Info: volcano.pdf  used on input line 352.
(pdftex.def)             Requested size: 234.0pt x 234.90999pt.

Underfull \hbox (badness 10000) in paragraph at lines 355--366

 []

<1051 correlation table.pdf, id=35, 439.6425pt x 439.6425pt>
File: 1051 correlation table.pdf Graphic file (type pdf)
<use 1051 correlation table.pdf>
Package pdftex.def Info: 1051 correlation table.pdf  used on input line 368.
(pdftex.def)             Requested size: 234.0pt x 233.99554pt.
<peaks of interest.png, id=36, 1481.535pt x 957.5775pt>
File: peaks of interest.png Graphic file (type png)
<use peaks of interest.png>
Package pdftex.def Info: peaks of interest.png  used on input line 384.
(pdftex.def)             Requested size: 234.0pt x 151.24298pt.

Overfull \hbox (252.0pt too wide) has occurred while \output is active
[][] 
 []

[4 <./Fastqc trimming.pdf> <./volcano.pdf>]
Underfull \hbox (badness 10000) in paragraph at lines 389--398

 []

LaTeX Font Info:    Trying to load font information for TS1+ptm on input line 404.
(/Users/Shean/Library/TinyTeX/texmf-dist/tex/latex/psnfss/ts1ptm.fd
File: ts1ptm.fd 2001/06/04 font definitions for TS1/ptm.
)
Underfull \hbox (badness 10000) in paragraph at lines 399--405

 []

<model comparison.png, id=74, 2449.15pt x 1425.325pt>
File: model comparison.png Graphic file (type png)
<use model comparison.png>
Package pdftex.def Info: model comparison.png  used on input line 407.
(pdftex.def)             Requested size: 234.0pt x 136.16849pt.

Underfull \hbox (badness 10000) in paragraph at lines 410--417

 []

<CYP51 substrate interaction.pdf, id=75, 648.4225pt x 412.54124pt>
File: CYP51 substrate interaction.pdf Graphic file (type pdf)
<use CYP51 substrate interaction.pdf>
Package pdftex.def Info: CYP51 substrate interaction.pdf  used on input line 419.
(pdftex.def)             Requested size: 234.0pt x 148.87354pt.

Underfull \hbox (badness 10000) in paragraph at lines 422--435

 []

<bigger dynamics.pdf, id=76, 1011.78pt x 614.295pt>
File: bigger dynamics.pdf Graphic file (type pdf)
<use bigger dynamics.pdf>
Package pdftex.def Info: bigger dynamics.pdf  used on input line 438.
(pdftex.def)             Requested size: 340.19852pt x 206.55168pt.
LaTeX Font Info:    Calculating math sizes for size <6.5> on input line 439.

LaTeX Font Warning: Font shape `OT1/cmr/m/n' in size <4.54997> not available
(Font)              size <5> substituted on input line 439.


LaTeX Font Warning: Font shape `OT1/cmr/m/n' in size <3.25> not available
(Font)              size <5> substituted on input line 439.


LaTeX Font Warning: Font shape `OML/cmm/m/it' in size <4.54997> not available
(Font)              size <5> substituted on input line 439.


LaTeX Font Warning: Font shape `OML/cmm/m/it' in size <3.25> not available
(Font)              size <5> substituted on input line 439.


LaTeX Font Warning: Font shape `OMS/cmsy/m/n' in size <4.54997> not available
(Font)              size <5> substituted on input line 439.


LaTeX Font Warning: Font shape `OMS/cmsy/m/n' in size <3.25> not available
(Font)              size <5> substituted on input line 439.


Overfull \hbox (252.0pt too wide) has occurred while \output is active
[][] 
 []

[5{/Users/Shean/Library/TinyTeX/texmf-dist/fonts/enc/dvips/base/8r.enc} <./1051 correlation table.pdf> <./peaks of interest.png> <./model comparison.png> <./CYP51 substrate interaction.pdf>]
<p-p interactions.png, id=92, 863.079pt x 232.797pt>
File: p-p interactions.png Graphic file (type png)
<use p-p interactions.png>
Package pdftex.def Info: p-p interactions.png  used on input line 457.
(pdftex.def)             Requested size: 486.0pt x 131.09006pt.

Underfull \hbox (badness 10000) in paragraph at lines 463--467

 []


Underfull \hbox (badness 10000) in paragraph at lines 468--477

 []


Underfull \hbox (badness 10000) in paragraph at lines 478--499

 []


Underfull \vbox (badness 10000) has occurred while \output is active []


Overfull \hbox (252.0pt too wide) has occurred while \output is active
[][] 
 []

[6 <./bigger dynamics.pdf> <./p-p interactions.png>]
Underfull \hbox (badness 10000) in paragraph at lines 500--512

 []


Underfull \hbox (badness 10000) in paragraph at lines 513--532

 []


Underfull \hbox (badness 10000) in paragraph at lines 547--549

 []


Underfull \vbox (badness 10000) has occurred while \output is active []


Underfull \hbox (badness 2221) in paragraph at lines 550--555
[]\LY1/ptm/m/n/8 Berg, M., García-Hernández, R., Cuypers, B., Vanaerschot,
 []


Underfull \hbox (badness 1755) in paragraph at lines 550--555
\LY1/ptm/m/n/8 M., Manzano, J.I., Poveda, J.A., Ferragut, J.A., Castanys, S.,
 []


Underfull \hbox (badness 10000) in paragraph at lines 550--555

 []


Underfull \hbox (badness 10000) in paragraph at lines 556--560

 []


Underfull \hbox (badness 10000) in paragraph at lines 561--567

 []


Underfull \hbox (badness 10000) in paragraph at lines 568--572

 []


Underfull \hbox (badness 10000) in paragraph at lines 573--577

 []


Underfull \hbox (badness 10000) in paragraph at lines 578--583

 []


Underfull \hbox (badness 10000) in paragraph at lines 584--588

 []


Underfull \hbox (badness 10000) in paragraph at lines 589--593

 []


Underfull \hbox (badness 10000) in paragraph at lines 594--597

 []


Underfull \hbox (badness 10000) in paragraph at lines 598--601

 []


Underfull \hbox (badness 10000) in paragraph at lines 602--608

 []


Underfull \vbox (badness 10000) has occurred while \output is active []


Overfull \hbox (252.0pt too wide) has occurred while \output is active
[][] 
 []

[7]
Underfull \hbox (badness 10000) in paragraph at lines 609--612

 []


Underfull \hbox (badness 10000) in paragraph at lines 613--617

 []


Underfull \hbox (badness 1297) in paragraph at lines 618--623
\LY1/ptm/m/n/8 protein, Erg28p, interacts with both the sterol C-4 demethylation
 []


Underfull \hbox (badness 10000) in paragraph at lines 618--623

 []


Underfull \hbox (badness 10000) in paragraph at lines 624--628

 []


Underfull \hbox (badness 10000) in paragraph at lines 629--634

 []


Underfull \hbox (badness 10000) in paragraph at lines 635--640

 []


Underfull \hbox (badness 10000) in paragraph at lines 641--645

 []


Underfull \hbox (badness 10000) in paragraph at lines 646--651

 []


Underfull \hbox (badness 10000) in paragraph at lines 652--656

 []


Underfull \hbox (badness 10000) in paragraph at lines 657--660

 []

No file 2117832_Pathogen_Report.bbl.
- LAST -
Extra skip:1.736pt
Left:318.0pt/1.736pt
Right:318.0pt/0.0pt
Split: 318.5pt
Output:318.5pt
Pageshrink: 0.0pt
Pagestretch: 0.0pt
@colht:681.0pt
FLUSHEND [output]: 318.5pt
FLUSHEND [leftcolumn badness]: 10000
FUSHEND [rightcolumn badness]: 10000

Overfull \hbox (252.0pt too wide) has occurred while \output is active
[][] 
 []

[8] (./2117832_Pathogen_Report.aux)

LaTeX Font Warning: Size substitutions with differences
(Font)              up to 1.75pt have occurred.


LaTeX Font Warning: Some font shapes were not available, defaults substituted.


LaTeX Warning: There were multiply-defined labels.

 ) 
Here is how much of TeX's memory you used:
 4133 strings out of 477961
 62590 string characters out of 5837743
 1871074 words of memory out of 5000000
 24257 multiletter control sequences out of 15000+600000
 554804 words of font info for 104 fonts, out of 8000000 for 9000
 18 hyphenation exceptions out of 8191
 73i,11n,76p,646b,331s stack positions out of 10000i,1000n,20000p,200000b,200000s
</Users/Shean/Library/TinyTeX/texmf-dist/fonts/type1/public/amsfonts/cm/cmmi6.pfb></Users/Shean/Library/TinyTeX/texmf-dist/fonts/type1/public/amsfonts/cm/cmmi8.pfb></Users/Shean/Library/TinyTeX/texmf-dist/fonts/type1/public/amsfonts/cm/cmmi9.pfb></Users/Shean/Library/TinyTeX/texmf-dist/fonts/type1/public/amsfonts/cm/cmr6.pfb></Users/Shean/Library/TinyTeX/texmf-dist/fonts/type1/public/amsfonts/cm/cmr8.pfb></Users/Shean/Library/TinyTeX/texmf-dist/fonts/type1/public/amsfonts/latxfont/lcircle1.pfb></Users/Shean/Library/TinyTeX/texmf-dist/fonts/type1/urw/helvetic/uhvb8a.pfb></Users/Shean/Library/TinyTeX/texmf-dist/fonts/type1/urw/helvetic/uhvbo8a.pfb></Users/Shean/Library/TinyTeX/texmf-dist/fonts/type1/urw/helvetic/uhvr8a.pfb></Users/Shean/Library/TinyTeX/texmf-dist/fonts/type1/urw/helvetic/uhvr8ac.pfb></Users/Shean/Library/TinyTeX/texmf-dist/fonts/type1/urw/helvetic/uhvro8a.pfb></Users/Shean/Library/TinyTeX/texmf-dist/fonts/type1/urw/helvetic/uhvro8ac.pfb></Users/Shean/Library/TinyTeX/texmf-dist/fonts/type1/urw/times/utmr8a.pfb></Users/Shean/Library/TinyTeX/texmf-dist/fonts/type1/urw/times/utmri8a.pfb>
Output written on 2117832_Pathogen_Report.pdf (8 pages, 5081232 bytes).
PDF statistics:
 178 PDF objects out of 1000 (max. 8388607)
 103 compressed objects within 2 object streams
 0 named destinations out of 1000 (max. 500000)
 56 words of extra memory for PDF output out of 10000 (max. 10000000)

